Looking at Module: libme.so
Unable to create service proxy on 'org.ayatana.indicator.me': Could not get owner of name 'org.ayatana.indicator.me': no such name
/build/buildd/gtk+2.0-2.20.1/gtk/gtkstyle.c:1788: widget class `GtkImage' has no property named `x-ayatana-indicator-dynamic'
Using user icon for 'Gastsitzung' from file: (null)
/build/buildd/gtk+2.0-2.20.1/gtk/gtkstyle.c:1788: widget class `GtkImage' has no property named `x-ayatana-indicator-dynamic'
Restarting service 'org.ayatana.indicator.me' count 1
id_prop_update: assertion `priv->root != NULL' failed
id_prop_update: assertion `priv->root != NULL' failed
id_prop_update: assertion `priv->root != NULL' failed
loading avatar from file /home/ruppa/.face
/build/buildd/gtk+2.0-2.20.1/gtk/gtkstyle.c:1788: widget class `GtkImage' has no property named `x-ayatana-indicator-dynamic'
/build/buildd/gtk+2.0-2.20.1/gtk/gtkstyle.c:1788: widget class `GtkImage' has no property named `x-ayatana-indicator-dynamic'
/build/buildd/gtk+2.0-2.20.1/gtk/gtkstyle.c:1788: widget class `GtkImage' has no property named `x-ayatana-indicator-dynamic'
/build/buildd/gtk+2.0-2.20.1/gtk/gtkstyle.c:1788: widget class `GtkImage' has no property named `x-ayatana-indicator-dynamic'
/build/buildd/gtk+2.0-2.20.1/gtk/gtkstyle.c:1788: widget class `GtkImage' has no property named `x-ayatana-indicator-dynamic'
/build/buildd/gtk+2.0-2.20.1/gtk/gtkstyle.c:1788: widget class `GtkImage' has no property named `x-ayatana-indicator-dynamic'
/build/buildd/gtk+2.0-2.20.1/gtk/gtkstyle.c:1788: widget class `GtkImage' has no property named `x-ayatana-indicator-dynamic'
/build/buildd/gtk+2.0-2.20.1/gtk/gtkstyle.c:1788: widget class `GtkImage' has no property named `x-ayatana-indicator-dynamic'
/build/buildd/gtk+2.0-2.20.1/gtk/gtkstyle.c:1788: widget class `GtkImage' has no property named `x-ayatana-indicator-dynamic'
/build/buildd/gtk+2.0-2.20.1/gtk/gtkstyle.c:1788: widget class `GtkImage' has no property named `x-ayatana-indicator-dynamic'
/build/buildd/gtk+2.0-2.20.1/gtk/gtkstyle.c:1788: widget class `GtkImage' has no property named `x-ayatana-indicator-dynamic'
/build/buildd/gtk+2.0-2.20.1/gtk/gtkstyle.c:1788: widget class `GtkImage' has no property named `x-ayatana-indicator-dynamic'
/build/buildd/gtk+2.0-2.20.1/gtk/gtkstyle.c:1788: widget class `GtkImage' has no property named `x-ayatana-indicator-dynamic'
/build/buildd/gtk+2.0-2.20.1/gtk/gtkstyle.c:1788: widget class `GtkImage' has no property named `x-ayatana-indicator-dynamic'
/build/buildd/gtk+2.0-2.20.1/gtk/gtkstyle.c:1788: widget class `GtkImage' has no property named `x-ayatana-indicator-dynamic'
/build/buildd/gtk+2.0-2.20.1/gtk/gtkstyle.c:1788: widget class `GtkImage' has no property named `x-ayatana-indicator-dynamic'
/build/buildd/gtk+2.0-2.20.1/gtk/gtkstyle.c:1788: widget class `GtkImage' has no property named `x-ayatana-indicator-dynamic'
/build/buildd/gtk+2.0-2.20.1/gtk/gtkstyle.c:1788: widget class `GtkImage' has no property named `x-ayatana-indicator-dynamic'
/build/buildd/gtk+2.0-2.20.1/gtk/gtkstyle.c:1788: widget class `GtkImage' has no property named `x-ayatana-indicator-dynamic'
/build/buildd/gtk+2.0-2.20.1/gtk/gtkstyle.c:1788: widget class `GtkImage' has no property named `x-ayatana-indicator-dynamic'
/build/buildd/gtk+2.0-2.20.1/gtk/gtkstyle.c:1788: widget class `GtkImage' has no property named `x-ayatana-indicator-dynamic'
/build/buildd/gtk+2.0-2.20.1/gtk/gtkstyle.c:1788: widget class `GtkImage' has no property named `x-ayatana-indicator-dynamic'
/build/buildd/gtk+2.0-2.20.1/gtk/gtkstyle.c:1788: widget class `GtkImage' has no property named `x-ayatana-indicator-dynamic'
/build/buildd/gtk+2.0-2.20.1/gtk/gtkstyle.c:1788: widget class `GtkImage' has no property named `x-ayatana-indicator-dynamic'
/build/buildd/gtk+2.0-2.20.1/gtk/gtkstyle.c:1788: widget class `GtkImage' has no property named `x-ayatana-indicator-dynamic'
/build/buildd/gtk+2.0-2.20.1/gtk/gtkstyle.c:1788: widget class `GtkImage' has no property named `x-ayatana-indicator-dynamic'
/build/buildd/gtk+2.0-2.20.1/gtk/gtkstyle.c:1788: widget class `GtkImage' has no property named `x-ayatana-indicator-dynamic'
/build/buildd/gtk+2.0-2.20.1/gtk/gtkstyle.c:1788: widget class `GtkImage' has no property named `x-ayatana-indicator-dynamic'
/build/buildd/gtk+2.0-2.20.1/gtk/gtkstyle.c:1788: widget class `GtkImage' has no property named `x-ayatana-indicator-dynamic'
